[Android_Redmi Note 9 pro max INFO ] 2021-01-23 13:08:09.687 ServerManager:20 - starting appium server
[Android_Redmi Note 9 pro max INFO ] 2021-01-23 13:08:12.906 ServerManager:29 - Appium server started
[Android_Redmi Note 9 pro max INFO ] 2021-01-23 13:08:12.908 DriverManager:28 - initializing Appium driver
[Android_Redmi Note 9 pro max INFO ] 2021-01-23 13:08:12.948 CapabilitiesManager:18 - getting capabilities
[Android_Redmi Note 9 pro max INFO ] 2021-01-23 13:08:12.952 CapabilitiesManager:34 - appUrl isC:\Users\lenovo\eclipse-workspace\AppiumCucumberTDD\src\test\resources\apps\Android.SauceLabs.Mobile.Sample.app.2.2.1.apk
[Android_Redmi Note 9 pro max INFO ] 2021-01-23 13:08:27.903 DriverManager:40 - Driver is initialized
[Android_Redmi Note 9 pro max INFO ] 2021-01-23 13:08:31.101 BasePage:71 - login with invalidUsername
[Android_Redmi Note 9 pro max INFO ] 2021-01-23 13:08:32.370 BasePage:71 - password is secret_sauce
[Android_Redmi Note 9 pro max INFO ] 2021-01-23 13:08:33.511 BasePage:54 - press login button
[Android_Redmi Note 9 pro max INFO ] 2021-01-23 13:08:34.756 BasePage:97 - error text is - Username and password do not match any user in this service.
[Android_Redmi Note 9 pro max INFO ] 2021-01-23 13:08:36.130 VideoManager:35 - video path: Android_Redmi Note 9 pro max\Videos\Login with invalid user name.mp4
[Android_Redmi Note 9 pro max INFO ] 2021-01-23 13:08:37.721 BasePage:71 - login with standard_user
[Android_Redmi Note 9 pro max INFO ] 2021-01-23 13:08:39.152 BasePage:71 - password is invalidPassword
[Android_Redmi Note 9 pro max INFO ] 2021-01-23 13:08:40.538 BasePage:54 - press login button
[Android_Redmi Note 9 pro max INFO ] 2021-01-23 13:08:41.148 BasePage:97 - error text is - Username and password do not match any user in this service.
[Android_Redmi Note 9 pro max INFO ] 2021-01-23 13:08:42.127 VideoManager:35 - video path: Android_Redmi Note 9 pro max\Videos\Login with invalid password.mp4
[Android_Redmi Note 9 pro max INFO ] 2021-01-23 13:08:44.627 BasePage:71 - login with standard_user
[Android_Redmi Note 9 pro max INFO ] 2021-01-23 13:08:47.217 BasePage:71 - password is secret_sauce
[Android_Redmi Note 9 pro max INFO ] 2021-01-23 13:08:48.837 BasePage:54 - press login button
[Android_Redmi Note 9 pro max INFO ] 2021-01-23 13:08:50.917 BasePage:97 - product page title is - PRODUCTS
[Android_Redmi Note 9 pro max INFO ] 2021-01-23 13:08:52.681 VideoManager:35 - video path: Android_Redmi Note 9 pro max\Videos\Login with valid user name and password.mp4
